time="2023-01-31T23:40:41Z" level=info msg="create router" func="&{{}}()" file="main.go:15"
time="2023-01-31T23:46:23Z" level=info msg="create router" func="&{{}}()" file="main.go:15"
time="2023-02-01T13:28:07Z" level=info msg="create router" func="&{{}}()" file="main.go:15"
time="2023-02-06T13:28:28Z" level=info msg="create router" func="&{{}}()" file="main.go:15"
time="2023-02-06T13:35:23Z" level=info msg="create router" func="&{{}}()" file="main.go:15"
time="2023-02-06T13:36:45Z" level=info msg="create router" func="&{{}}()" file="main.go:15"
time="2023-02-06T13:41:18Z" level=info msg="create router" func="&{{}}()" file="main.go:15"
time="2023-02-06T13:41:40Z" level=info msg="create router" func="&{{}}()" file="main.go:15"
time="2023-02-06T13:43:52Z" level=info msg="create router" func="&{{}}()" file="main.go:15"
time="2023-02-06T13:45:45Z" level=info msg="create router" func="&{{}}()" file="main.go:15"
time="2023-02-06T13:46:28Z" level=info msg="create router" func="&{{}}()" file="main.go:15"
time="2023-02-06T13:53:38Z" level=info msg="create router" func="&{{}}()" file="main.go:15"
time="2023-02-06T13:53:55Z" level=info msg="create router" func="&{{}}()" file="main.go:15"
time="2023-02-06T13:54:00Z" level=info msg="create router" func="&{{}}()" file="main.go:15"
time="2023-02-06T13:55:38Z" level=info msg="create router" func="&{{}}()" file="main.go:15"
time="2023-02-06T14:02:33Z" level=info msg="create router" func="&{{}}()" file="main.go:15"
time="2023-02-06T14:03:06Z" level=info msg="create router" func="&{{}}()" file="main.go:15"
time="2023-02-06T14:05:02Z" level=info msg="create router" func="&{{}}()" file="main.go:15"
time="2023-02-06T14:05:33Z" level=info msg="create router" func="&{{}}()" file="main.go:15"
time="2023-02-06T14:05:48Z" level=info msg="create router" func="&{{}}()" file="main.go:15"
time="2023-02-06T14:11:32Z" level=info msg="create router" func="&{{}}()" file="main.go:17"
time="2023-02-06T17:57:55Z" level=info msg="create router" func="&{{}}()" file="main.go:17"
time="2023-02-06T22:10:58Z" level=info msg="create router" func="&{{}}()" file="main.go:17"
time="2023-02-06T22:12:19Z" level=info msg="create router" func="&{{}}()" file="main.go:17"
time="2023-02-06T22:12:19Z" level=error msg="db do not response" func="&{{}}()" file="postgres.go:31"
time="2023-02-07T18:12:36Z" level=info msg="create router" func="&{{}}()" file="main.go:17"
time="2023-02-07T18:12:36Z" level=info msg="new db created" func="&{{}}()" file="postgres.go:34"
time="2023-02-07T18:15:15Z" level=info msg="create router" func="&{{}}()" file="main.go:17"
{"file":"main.go:17","func":"\u0026{{}}()","level":"info","msg":"create router","time":"2023-02-07T18:16:32Z"}
{"file":"postgres.go:34","func":"\u0026{{}}()","level":"info","msg":"new db created","time":"2023-02-07T18:16:32Z"}
{"file":"main.go:17","func":"\u0026{{}}()","level":"info","msg":"create router","time":"2023-02-08T22:11:54Z"}
{"file":"postgres.go:40","func":"\u0026{{}}()","level":"info","msg":"new db created","time":"2023-02-08T22:11:55Z"}
{"file":"main.go:17","func":"\u0026{{}}()","level":"info","msg":"create router","time":"2023-02-08T22:19:23Z"}
{"file":"postgres.go:40","func":"\u0026{{}}()","level":"info","msg":"new db created","time":"2023-02-08T22:19:23Z"}
{"file":"main.go:17","func":"\u0026{{}}()","level":"info","msg":"create router","time":"2023-02-08T22:21:33Z"}
{"file":"postgres.go:40","func":"\u0026{{}}()","level":"info","msg":"new db created","time":"2023-02-08T22:21:33Z"}
{"file":"main.go:17","func":"\u0026{{}}()","level":"info","msg":"create router","time":"2023-02-08T22:25:43Z"}
{"file":"postgres.go:40","func":"\u0026{{}}()","level":"info","msg":"new db created","time":"2023-02-08T22:25:43Z"}
{"file":"main.go:17","func":"\u0026{{}}()","level":"info","msg":"create router","time":"2023-02-08T22:31:45Z"}
{"file":"postgres.go:40","func":"\u0026{{}}()","level":"info","msg":"new db created","time":"2023-02-08T22:31:45Z"}
{"file":"main.go:17","func":"\u0026{{}}()","level":"info","msg":"create router","time":"2023-02-08T22:33:46Z"}
{"file":"postgres.go:40","func":"\u0026{{}}()","level":"info","msg":"new db created","time":"2023-02-08T22:33:46Z"}
{"file":"main.go:17","func":"\u0026{{}}()","level":"info","msg":"create router","time":"2023-02-08T22:35:00Z"}
{"file":"postgres.go:40","func":"\u0026{{}}()","level":"info","msg":"new db created","time":"2023-02-08T22:35:00Z"}
{"file":"main.go:17","func":"\u0026{{}}()","level":"info","msg":"create router","time":"2023-02-08T22:39:01Z"}
{"file":"postgres.go:40","func":"\u0026{{}}()","level":"info","msg":"new db created","time":"2023-02-08T22:39:01Z"}
{"file":"main.go:17","func":"\u0026{{}}()","level":"info","msg":"create router","time":"2023-02-08T22:39:02Z"}
{"file":"postgres.go:40","func":"\u0026{{}}()","level":"info","msg":"new db created","time":"2023-02-08T22:39:02Z"}
{"file":"main.go:17","func":"\u0026{{}}()","level":"info","msg":"create router","time":"2023-02-08T22:39:14Z"}
{"file":"postgres.go:40","func":"\u0026{{}}()","level":"info","msg":"new db created","time":"2023-02-08T22:39:14Z"}
{"file":"main.go:17","func":"\u0026{{}}()","level":"info","msg":"create router","time":"2023-02-08T22:46:54Z"}
{"file":"postgres.go:40","func":"\u0026{{}}()","level":"info","msg":"new db created","time":"2023-02-08T22:46:54Z"}
{"file":"main.go:17","func":"\u0026{{}}()","level":"info","msg":"create router","time":"2023-02-13T16:13:14Z"}
{"file":"postgres.go:40","func":"\u0026{{}}()","level":"info","msg":"new db created","time":"2023-02-13T16:13:15Z"}
{"file":"main.go:17","func":"\u0026{{}}()","level":"info","msg":"create router","time":"2023-02-13T16:21:29Z"}
{"file":"postgres.go:40","func":"\u0026{{}}()","level":"info","msg":"new db created","time":"2023-02-13T16:21:29Z"}
{"file":"main.go:17","func":"\u0026{{}}()","level":"info","msg":"create router","time":"2023-02-13T16:21:44Z"}
{"file":"postgres.go:40","func":"\u0026{{}}()","level":"info","msg":"new db created","time":"2023-02-13T16:21:44Z"}
{"file":"main.go:17","func":"\u0026{{}}()","level":"info","msg":"create router","time":"2023-02-13T16:27:13Z"}
{"file":"postgres.go:40","func":"\u0026{{}}()","level":"info","msg":"new db created","time":"2023-02-13T16:27:13Z"}
{"file":"main.go:17","func":"\u0026{{}}()","level":"info","msg":"create router","time":"2023-02-20T16:45:22Z"}
{"file":"postgres.go:37","func":"\u0026{{}}()","level":"error","msg":"db do not response","time":"2023-02-20T16:45:22Z"}
{"file":"main.go:17","func":"\u0026{{}}()","level":"info","msg":"create router","time":"2023-02-20T16:46:34Z"}
{"file":"postgres.go:40","func":"\u0026{{}}()","level":"info","msg":"new db created","time":"2023-02-20T16:46:34Z"}
{"file":"main.go:17","func":"\u0026{{}}()","level":"info","msg":"create router","time":"2023-02-20T16:48:49Z"}
{"file":"postgres.go:40","func":"\u0026{{}}()","level":"info","msg":"new db created","time":"2023-02-20T16:48:49Z"}
{"file":"main.go:17","func":"\u0026{{}}()","level":"info","msg":"create router","time":"2023-02-20T16:52:15Z"}
{"file":"postgres.go:40","func":"\u0026{{}}()","level":"info","msg":"new db created","time":"2023-02-20T16:52:15Z"}
{"file":"main.go:17","func":"\u0026{{}}()","level":"info","msg":"create router","time":"2023-02-20T16:53:03Z"}
{"file":"postgres.go:40","func":"\u0026{{}}()","level":"info","msg":"new db created","time":"2023-02-20T16:53:03Z"}
{"file":"main.go:17","func":"\u0026{{}}()","level":"info","msg":"create router","time":"2023-02-20T17:01:09Z"}
{"file":"postgres.go:40","func":"\u0026{{}}()","level":"info","msg":"new db created","time":"2023-02-20T17:01:09Z"}
